<?xml version="1.0" encoding="UTF-8"?>
<!-- Generated by org.testng.reporters.JUnitXMLReporter -->
<testsuite ignored="0" hostname="LAPTOP-6QQEO4PS" failures="2" tests="2" name="Error Validations Test" time="26.283" errors="0" timestamp="2024-07-03T19:45:10 EDT">
  <testcase classname="ankitframework.SeleniumFrameworkDesign.ErrorValidations" name="LoginErrorValidation" time="1.207">
    <failure type="org.junit.ComparisonFailure" message="expected:&amp;lt;...ct email or password[]&amp;gt; but was:&amp;lt;...ct email or password[.]&amp;gt;">
      <![CDATA[org.junit.ComparisonFailure: expected:<...ct email or password[]> but was:<...ct email or password[.]>
at org.junit.Assert.assertEquals(Assert.java:115)
at org.junit.Assert.assertEquals(Assert.java:144)
at ankitframework.SeleniumFrameworkDesign.ErrorValidations.LoginErrorValidation(ErrorValidations.java:25)
at java.base/java.util.ArrayList.forEach(ArrayList.java:1511)
at java.base/java.util.concurrent.FutureTask.run(FutureTask.java:264)
at java.base/java.util.concurrent.ThreadPoolExecutor.runWorker(ThreadPoolExecutor.java:1136)
at java.base/java.util.concurrent.ThreadPoolExecutor$Worker.run(ThreadPoolExecutor.java:635)
at java.base/java.lang.Thread.run(Thread.java:833)
... Removed 18 stack frames]]>
    </failure>
  </testcase> <!-- LoginErrorValidation -->
  <testcase classname="ankitframework.SeleniumFrameworkDesign.ErrorValidations" name="ProductErrorValidation" time="14.022">
    <failure type="java.lang.IllegalArgumentException" message="Can not set com.sun.tools.javac.util.List field ankitframeworkSeleniumFrameworkDesign.pageobjects.CartPage.cartProducts to jdk.proxy2.$Proxy14">
      <![CDATA[java.lang.IllegalArgumentException: Can not set com.sun.tools.javac.util.List field ankitframeworkSeleniumFrameworkDesign.pageobjects.CartPage.cartProducts to jdk.proxy2.$Proxy14
at org.openqa.selenium.support.PageFactory.proxyFields(PageFactory.java:113)
at org.openqa.selenium.support.PageFactory.initElements(PageFactory.java:101)
at org.openqa.selenium.support.PageFactory.initElements(PageFactory.java:88)
at org.openqa.selenium.support.PageFactory.initElements(PageFactory.java:76)
at ankitframeworkSeleniumFramework.AbstractComponents.AbstractComponent.<init>(AbstractComponent.java:22)
at ankitframeworkSeleniumFrameworkDesign.pageobjects.CartPage.<init>(CartPage.java:22)
at ankitframeworkSeleniumFramework.AbstractComponents.AbstractComponent.goToCartPage(AbstractComponent.java:48)
at ankitframework.SeleniumFrameworkDesign.ErrorValidations.ProductErrorValidation(ErrorValidations.java:38)
at java.base/java.util.ArrayList.forEach(ArrayList.java:1511)
at java.base/java.util.concurrent.FutureTask.run(FutureTask.java:264)
at java.base/java.util.concurrent.ThreadPoolExecutor.runWorker(ThreadPoolExecutor.java:1136)
at java.base/java.util.concurrent.ThreadPoolExecutor$Worker.run(ThreadPoolExecutor.java:635)
at java.base/java.lang.Thread.run(Thread.java:833)
... Removed 22 stack frames]]>
    </failure>
  </testcase> <!-- ProductErrorValidation -->
</testsuite> <!-- Error Validations Test -->
